# Logfile created on 2014-02-11 11:10:39 +0000 by logger.rb/41954
I, [2014-02-11T11:10:39.760725 #47721]  INFO -- : 0:  rack (1.5.2) from /Users/nabin/.rvm/gems/ruby-2.0.0-p353/specifications/rack-1.5.2.gemspec
I, [2014-02-11T11:10:39.761345 #47721]  INFO -- : 0:  rack-protection (1.5.2) from /Users/nabin/.rvm/gems/ruby-2.0.0-p353/specifications/rack-protection-1.5.2.gemspec
I, [2014-02-11T11:10:41.742102 #47721]  INFO -- : 0:  ruby (0.1.0) from /Users/nabin/.rvm/gems/ruby-2.0.0-p353/specifications/ruby-0.1.0.gemspec
I, [2014-02-11T11:10:41.742934 #47721]  INFO -- : 0:  tilt (1.4.1) from /Users/nabin/.rvm/gems/ruby-2.0.0-p353/specifications/tilt-1.4.1.gemspec
I, [2014-02-11T11:10:41.743466 #47721]  INFO -- : 0:  sinatra (1.4.4) from /Users/nabin/.rvm/gems/ruby-2.0.0-p353/specifications/sinatra-1.4.4.gemspec
I, [2014-02-11T11:10:41.743931 #47721]  INFO -- : 0:  bundler (1.5.1) from /Users/nabin/.rvm/gems/ruby-2.0.0-p353@global/specifications/bundler-1.5.1.gemspec
I, [2014-02-11T11:19:59.574848 #47824]  INFO -- : 0:  addressable (2.3.5) from /Users/nabin/.rvm/gems/ruby-2.0.0-p353/specifications/addressable-2.3.5.gemspec
I, [2014-02-11T11:20:04.210483 #47824]  INFO -- : 0:  bcrypt-ruby (3.1.2) from /Users/nabin/.rvm/gems/ruby-2.0.0-p353/specifications/bcrypt-ruby-3.1.2.gemspec
I, [2014-02-11T11:20:10.752553 #47824]  INFO -- : 0:  dm-core (1.2.1) from /Users/nabin/.rvm/gems/ruby-2.0.0-p353/specifications/dm-core-1.2.1.gemspec
I, [2014-02-11T11:20:13.440921 #47824]  INFO -- : 0:  dm-aggregates (1.2.0) from /Users/nabin/.rvm/gems/ruby-2.0.0-p353/specifications/dm-aggregates-1.2.0.gemspec
I, [2014-02-11T11:20:15.119700 #47824]  INFO -- : 0:  dm-constraints (1.2.0) from /Users/nabin/.rvm/gems/ruby-2.0.0-p353/specifications/dm-constraints-1.2.0.gemspec
I, [2014-02-11T11:20:16.881552 #47824]  INFO -- : 0:  dm-migrations (1.2.0) from /Users/nabin/.rvm/gems/ruby-2.0.0-p353/specifications/dm-migrations-1.2.0.gemspec
I, [2014-02-11T11:20:19.604749 #47824]  INFO -- : 0:  fastercsv (1.5.5) from /Users/nabin/.rvm/gems/ruby-2.0.0-p353/specifications/fastercsv-1.5.5.gemspec
I, [2014-02-11T11:20:26.761597 #47824]  INFO -- : 0:  json (1.8.1) from /Users/nabin/.rvm/gems/ruby-2.0.0-p353/specifications/json-1.8.1.gemspec
I, [2014-02-11T11:20:30.503447 #47824]  INFO -- : 0:  json_pure (1.8.1) from /Users/nabin/.rvm/gems/ruby-2.0.0-p353/specifications/json_pure-1.8.1.gemspec
I, [2014-02-11T11:20:30.504107 #47824]  INFO -- : 0:  multi_json (1.8.4) from /Users/nabin/.rvm/gems/ruby-2.0.0-p353/specifications/multi_json-1.8.4.gemspec
I, [2014-02-11T11:20:32.428052 #47824]  INFO -- : 0:  dm-serializer (1.2.2) from /Users/nabin/.rvm/gems/ruby-2.0.0-p353/specifications/dm-serializer-1.2.2.gemspec
I, [2014-02-11T11:20:33.770395 #47824]  INFO -- : 0:  dm-timestamps (1.2.0) from /Users/nabin/.rvm/gems/ruby-2.0.0-p353/specifications/dm-timestamps-1.2.0.gemspec
I, [2014-02-11T11:20:35.166036 #47824]  INFO -- : 0:  dm-transactions (1.2.0) from /Users/nabin/.rvm/gems/ruby-2.0.0-p353/specifications/dm-transactions-1.2.0.gemspec
I, [2014-02-11T11:20:37.114206 #47824]  INFO -- : 0:  stringex (1.5.1) from /Users/nabin/.rvm/gems/ruby-2.0.0-p353/specifications/stringex-1.5.1.gemspec
I, [2014-02-11T11:20:38.967016 #47824]  INFO -- : 0:  uuidtools (2.1.4) from /Users/nabin/.rvm/gems/ruby-2.0.0-p353/specifications/uuidtools-2.1.4.gemspec
I, [2014-02-11T11:20:41.058849 #47824]  INFO -- : 0:  dm-types (1.2.2) from /Users/nabin/.rvm/gems/ruby-2.0.0-p353/specifications/dm-types-1.2.2.gemspec
I, [2014-02-11T11:20:42.668607 #47824]  INFO -- : 0:  dm-validations (1.2.0) from /Users/nabin/.rvm/gems/ruby-2.0.0-p353/specifications/dm-validations-1.2.0.gemspec
I, [2014-02-11T11:20:43.896857 #47824]  INFO -- : 0:  data_mapper (1.2.0) from /Users/nabin/.rvm/gems/ruby-2.0.0-p353/specifications/data_mapper-1.2.0.gemspec
I, [2014-02-11T11:20:46.228995 #47824]  INFO -- : 0:  data_objects (0.10.13) from /Users/nabin/.rvm/gems/ruby-2.0.0-p353/specifications/data_objects-0.10.13.gemspec
I, [2014-02-11T11:20:47.483541 #47824]  INFO -- : 0:  dm-do-adapter (1.2.0) from /Users/nabin/.rvm/gems/ruby-2.0.0-p353/specifications/dm-do-adapter-1.2.0.gemspec
I, [2014-02-11T11:20:51.005281 #47824]  INFO -- : 0:  do_postgres (0.10.13) from /Users/nabin/.rvm/gems/ruby-2.0.0-p353/specifications/do_postgres-0.10.13.gemspec
I, [2014-02-11T11:20:52.311481 #47824]  INFO -- : 0:  dm-postgres-adapter (1.2.0) from /Users/nabin/.rvm/gems/ruby-2.0.0-p353/specifications/dm-postgres-adapter-1.2.0.gemspec
I, [2014-02-11T11:20:52.312048 #47824]  INFO -- : 0:  rack (1.5.2) from /Users/nabin/.rvm/gems/ruby-2.0.0-p353/specifications/rack-1.5.2.gemspec
I, [2014-02-11T11:20:52.312478 #47824]  INFO -- : 0:  rack-protection (1.5.2) from /Users/nabin/.rvm/gems/ruby-2.0.0-p353/specifications/rack-protection-1.5.2.gemspec
I, [2014-02-11T11:20:52.312895 #47824]  INFO -- : 0:  ruby (0.1.0) from /Users/nabin/.rvm/gems/ruby-2.0.0-p353/specifications/ruby-0.1.0.gemspec
I, [2014-02-11T11:20:52.313326 #47824]  INFO -- : 0:  tilt (1.4.1) from /Users/nabin/.rvm/gems/ruby-2.0.0-p353/specifications/tilt-1.4.1.gemspec
I, [2014-02-11T11:20:52.313753 #47824]  INFO -- : 0:  sinatra (1.4.4) from /Users/nabin/.rvm/gems/ruby-2.0.0-p353/specifications/sinatra-1.4.4.gemspec
I, [2014-02-11T11:20:52.314179 #47824]  INFO -- : 0:  bundler (1.5.1) from /Users/nabin/.rvm/gems/ruby-2.0.0-p353@global/specifications/bundler-1.5.1.gemspec
I, [2014-02-11T11:43:58.234741 #48552]  INFO -- : 0:  addressable (2.3.5) from /Users/nabin/.rvm/gems/ruby-2.0.0-p353/specifications/addressable-2.3.5.gemspec
I, [2014-02-11T11:43:58.245485 #48552]  INFO -- : 0:  bcrypt-ruby (3.1.2) from /Users/nabin/.rvm/gems/ruby-2.0.0-p353/specifications/bcrypt-ruby-3.1.2.gemspec
I, [2014-02-11T11:43:58.245924 #48552]  INFO -- : 0:  dm-core (1.2.1) from /Users/nabin/.rvm/gems/ruby-2.0.0-p353/specifications/dm-core-1.2.1.gemspec
I, [2014-02-11T11:43:58.246359 #48552]  INFO -- : 0:  dm-aggregates (1.2.0) from /Users/nabin/.rvm/gems/ruby-2.0.0-p353/specifications/dm-aggregates-1.2.0.gemspec
I, [2014-02-11T11:43:58.246764 #48552]  INFO -- : 0:  dm-constraints (1.2.0) from /Users/nabin/.rvm/gems/ruby-2.0.0-p353/specifications/dm-constraints-1.2.0.gemspec
I, [2014-02-11T11:43:58.247188 #48552]  INFO -- : 0:  dm-migrations (1.2.0) from /Users/nabin/.rvm/gems/ruby-2.0.0-p353/specifications/dm-migrations-1.2.0.gemspec
I, [2014-02-11T11:43:58.247635 #48552]  INFO -- : 0:  fastercsv (1.5.5) from /Users/nabin/.rvm/gems/ruby-2.0.0-p353/specifications/fastercsv-1.5.5.gemspec
I, [2014-02-11T11:43:58.248070 #48552]  INFO -- : 0:  json (1.8.1) from /Users/nabin/.rvm/gems/ruby-2.0.0-p353/specifications/json-1.8.1.gemspec
I, [2014-02-11T11:43:58.248494 #48552]  INFO -- : 0:  json_pure (1.8.1) from /Users/nabin/.rvm/gems/ruby-2.0.0-p353/specifications/json_pure-1.8.1.gemspec
I, [2014-02-11T11:43:58.248918 #48552]  INFO -- : 0:  multi_json (1.8.4) from /Users/nabin/.rvm/gems/ruby-2.0.0-p353/specifications/multi_json-1.8.4.gemspec
I, [2014-02-11T11:43:58.249333 #48552]  INFO -- : 0:  dm-serializer (1.2.2) from /Users/nabin/.rvm/gems/ruby-2.0.0-p353/specifications/dm-serializer-1.2.2.gemspec
I, [2014-02-11T11:43:58.249761 #48552]  INFO -- : 0:  dm-timestamps (1.2.0) from /Users/nabin/.rvm/gems/ruby-2.0.0-p353/specifications/dm-timestamps-1.2.0.gemspec
I, [2014-02-11T11:43:58.250182 #48552]  INFO -- : 0:  dm-transactions (1.2.0) from /Users/nabin/.rvm/gems/ruby-2.0.0-p353/specifications/dm-transactions-1.2.0.gemspec
I, [2014-02-11T11:43:58.250594 #48552]  INFO -- : 0:  stringex (1.5.1) from /Users/nabin/.rvm/gems/ruby-2.0.0-p353/specifications/stringex-1.5.1.gemspec
I, [2014-02-11T11:43:58.251027 #48552]  INFO -- : 0:  uuidtools (2.1.4) from /Users/nabin/.rvm/gems/ruby-2.0.0-p353/specifications/uuidtools-2.1.4.gemspec
I, [2014-02-11T11:43:58.251444 #48552]  INFO -- : 0:  dm-types (1.2.2) from /Users/nabin/.rvm/gems/ruby-2.0.0-p353/specifications/dm-types-1.2.2.gemspec
I, [2014-02-11T11:43:58.251846 #48552]  INFO -- : 0:  dm-validations (1.2.0) from /Users/nabin/.rvm/gems/ruby-2.0.0-p353/specifications/dm-validations-1.2.0.gemspec
I, [2014-02-11T11:43:58.252301 #48552]  INFO -- : 0:  data_mapper (1.2.0) from /Users/nabin/.rvm/gems/ruby-2.0.0-p353/specifications/data_mapper-1.2.0.gemspec
I, [2014-02-11T11:43:58.252744 #48552]  INFO -- : 0:  data_objects (0.10.13) from /Users/nabin/.rvm/gems/ruby-2.0.0-p353/specifications/data_objects-0.10.13.gemspec
I, [2014-02-11T11:43:58.253163 #48552]  INFO -- : 0:  diff-lcs (1.2.5) from /Users/nabin/.rvm/gems/ruby-2.0.0-p353/specifications/diff-lcs-1.2.5.gemspec
I, [2014-02-11T11:43:58.253578 #48552]  INFO -- : 0:  dm-do-adapter (1.2.0) from /Users/nabin/.rvm/gems/ruby-2.0.0-p353/specifications/dm-do-adapter-1.2.0.gemspec
I, [2014-02-11T11:43:58.253977 #48552]  INFO -- : 0:  do_postgres (0.10.13) from /Users/nabin/.rvm/gems/ruby-2.0.0-p353/specifications/do_postgres-0.10.13.gemspec
I, [2014-02-11T11:43:58.254402 #48552]  INFO -- : 0:  dm-postgres-adapter (1.2.0) from /Users/nabin/.rvm/gems/ruby-2.0.0-p353/specifications/dm-postgres-adapter-1.2.0.gemspec
I, [2014-02-11T11:43:58.254832 #48552]  INFO -- : 0:  rack (1.5.2) from /Users/nabin/.rvm/gems/ruby-2.0.0-p353/specifications/rack-1.5.2.gemspec
I, [2014-02-11T11:43:58.261850 #48552]  INFO -- : 0:  rack-protection (1.5.2) from /Users/nabin/.rvm/gems/ruby-2.0.0-p353/specifications/rack-protection-1.5.2.gemspec
I, [2014-02-11T11:43:58.262523 #48552]  INFO -- : 0:  rspec-core (2.14.7) from /Users/nabin/.rvm/gems/ruby-2.0.0-p353/specifications/rspec-core-2.14.7.gemspec
I, [2014-02-11T11:43:58.263144 #48552]  INFO -- : 0:  rspec-expectations (2.14.5) from /Users/nabin/.rvm/gems/ruby-2.0.0-p353/specifications/rspec-expectations-2.14.5.gemspec
I, [2014-02-11T11:43:58.263717 #48552]  INFO -- : 0:  rspec-mocks (2.14.5) from /Users/nabin/.rvm/gems/ruby-2.0.0-p353/specifications/rspec-mocks-2.14.5.gemspec
I, [2014-02-11T11:43:58.264864 #48552]  INFO -- : 0:  rspec (2.14.1) from /Users/nabin/.rvm/gems/ruby-2.0.0-p353/specifications/rspec-2.14.1.gemspec
I, [2014-02-11T11:43:58.265304 #48552]  INFO -- : 0:  ruby (0.1.0) from /Users/nabin/.rvm/gems/ruby-2.0.0-p353/specifications/ruby-0.1.0.gemspec
I, [2014-02-11T11:43:58.265718 #48552]  INFO -- : 0:  tilt (1.4.1) from /Users/nabin/.rvm/gems/ruby-2.0.0-p353/specifications/tilt-1.4.1.gemspec
I, [2014-02-11T11:43:58.266144 #48552]  INFO -- : 0:  sinatra (1.4.4) from /Users/nabin/.rvm/gems/ruby-2.0.0-p353/specifications/sinatra-1.4.4.gemspec
I, [2014-02-11T11:43:58.266562 #48552]  INFO -- : 0:  bundler (1.5.1) from /Users/nabin/.rvm/gems/ruby-2.0.0-p353@global/specifications/bundler-1.5.1.gemspec
I, [2014-02-11T12:06:23.325303 #48635]  INFO -- : 0:  addressable (2.3.5) from /Users/nabin/.rvm/gems/ruby-2.0.0-p353/specifications/addressable-2.3.5.gemspec
I, [2014-02-11T12:06:23.325914 #48635]  INFO -- : 0:  bcrypt-ruby (3.1.2) from /Users/nabin/.rvm/gems/ruby-2.0.0-p353/specifications/bcrypt-ruby-3.1.2.gemspec
I, [2014-02-11T12:06:23.326347 #48635]  INFO -- : 0:  dm-core (1.2.1) from /Users/nabin/.rvm/gems/ruby-2.0.0-p353/specifications/dm-core-1.2.1.gemspec
I, [2014-02-11T12:06:23.326761 #48635]  INFO -- : 0:  dm-aggregates (1.2.0) from /Users/nabin/.rvm/gems/ruby-2.0.0-p353/specifications/dm-aggregates-1.2.0.gemspec
I, [2014-02-11T12:06:23.327171 #48635]  INFO -- : 0:  dm-constraints (1.2.0) from /Users/nabin/.rvm/gems/ruby-2.0.0-p353/specifications/dm-constraints-1.2.0.gemspec
I, [2014-02-11T12:06:23.327579 #48635]  INFO -- : 0:  dm-migrations (1.2.0) from /Users/nabin/.rvm/gems/ruby-2.0.0-p353/specifications/dm-migrations-1.2.0.gemspec
I, [2014-02-11T12:06:23.327980 #48635]  INFO -- : 0:  fastercsv (1.5.5) from /Users/nabin/.rvm/gems/ruby-2.0.0-p353/specifications/fastercsv-1.5.5.gemspec
I, [2014-02-11T12:06:23.328379 #48635]  INFO -- : 0:  json (1.8.1) from /Users/nabin/.rvm/gems/ruby-2.0.0-p353/specifications/json-1.8.1.gemspec
I, [2014-02-11T12:06:23.328768 #48635]  INFO -- : 0:  json_pure (1.8.1) from /Users/nabin/.rvm/gems/ruby-2.0.0-p353/specifications/json_pure-1.8.1.gemspec
I, [2014-02-11T12:06:23.329156 #48635]  INFO -- : 0:  multi_json (1.8.4) from /Users/nabin/.rvm/gems/ruby-2.0.0-p353/specifications/multi_json-1.8.4.gemspec
I, [2014-02-11T12:06:23.329554 #48635]  INFO -- : 0:  dm-serializer (1.2.2) from /Users/nabin/.rvm/gems/ruby-2.0.0-p353/specifications/dm-serializer-1.2.2.gemspec
I, [2014-02-11T12:06:23.329982 #48635]  INFO -- : 0:  dm-timestamps (1.2.0) from /Users/nabin/.rvm/gems/ruby-2.0.0-p353/specifications/dm-timestamps-1.2.0.gemspec
I, [2014-02-11T12:06:23.330375 #48635]  INFO -- : 0:  dm-transactions (1.2.0) from /Users/nabin/.rvm/gems/ruby-2.0.0-p353/specifications/dm-transactions-1.2.0.gemspec
I, [2014-02-11T12:06:23.330766 #48635]  INFO -- : 0:  stringex (1.5.1) from /Users/nabin/.rvm/gems/ruby-2.0.0-p353/specifications/stringex-1.5.1.gemspec
I, [2014-02-11T12:06:23.331154 #48635]  INFO -- : 0:  uuidtools (2.1.4) from /Users/nabin/.rvm/gems/ruby-2.0.0-p353/specifications/uuidtools-2.1.4.gemspec
I, [2014-02-11T12:06:23.331544 #48635]  INFO -- : 0:  dm-types (1.2.2) from /Users/nabin/.rvm/gems/ruby-2.0.0-p353/specifications/dm-types-1.2.2.gemspec
I, [2014-02-11T12:06:23.331933 #48635]  INFO -- : 0:  dm-validations (1.2.0) from /Users/nabin/.rvm/gems/ruby-2.0.0-p353/specifications/dm-validations-1.2.0.gemspec
I, [2014-02-11T12:06:23.332313 #48635]  INFO -- : 0:  data_mapper (1.2.0) from /Users/nabin/.rvm/gems/ruby-2.0.0-p353/specifications/data_mapper-1.2.0.gemspec
I, [2014-02-11T12:06:23.332698 #48635]  INFO -- : 0:  data_objects (0.10.13) from /Users/nabin/.rvm/gems/ruby-2.0.0-p353/specifications/data_objects-0.10.13.gemspec
I, [2014-02-11T12:06:23.333108 #48635]  INFO -- : 0:  diff-lcs (1.2.5) from /Users/nabin/.rvm/gems/ruby-2.0.0-p353/specifications/diff-lcs-1.2.5.gemspec
I, [2014-02-11T12:06:23.333494 #48635]  INFO -- : 0:  dm-do-adapter (1.2.0) from /Users/nabin/.rvm/gems/ruby-2.0.0-p353/specifications/dm-do-adapter-1.2.0.gemspec
I, [2014-02-11T12:06:23.345275 #48635]  INFO -- : 0:  do_postgres (0.10.13) from /Users/nabin/.rvm/gems/ruby-2.0.0-p353/specifications/do_postgres-0.10.13.gemspec
I, [2014-02-11T12:06:23.345708 #48635]  INFO -- : 0:  dm-postgres-adapter (1.2.0) from /Users/nabin/.rvm/gems/ruby-2.0.0-p353/specifications/dm-postgres-adapter-1.2.0.gemspec
I, [2014-02-11T12:06:23.346110 #48635]  INFO -- : 0:  rack (1.5.2) from /Users/nabin/.rvm/gems/ruby-2.0.0-p353/specifications/rack-1.5.2.gemspec
I, [2014-02-11T12:06:23.346511 #48635]  INFO -- : 0:  rack-protection (1.5.2) from /Users/nabin/.rvm/gems/ruby-2.0.0-p353/specifications/rack-protection-1.5.2.gemspec
I, [2014-02-11T12:06:23.346913 #48635]  INFO -- : 0:  rspec-core (2.14.7) from /Users/nabin/.rvm/gems/ruby-2.0.0-p353/specifications/rspec-core-2.14.7.gemspec
I, [2014-02-11T12:06:23.347327 #48635]  INFO -- : 0:  rspec-expectations (2.14.5) from /Users/nabin/.rvm/gems/ruby-2.0.0-p353/specifications/rspec-expectations-2.14.5.gemspec
I, [2014-02-11T12:06:23.347735 #48635]  INFO -- : 0:  rspec-mocks (2.14.5) from /Users/nabin/.rvm/gems/ruby-2.0.0-p353/specifications/rspec-mocks-2.14.5.gemspec
I, [2014-02-11T12:06:23.348133 #48635]  INFO -- : 0:  rspec (2.14.1) from /Users/nabin/.rvm/gems/ruby-2.0.0-p353/specifications/rspec-2.14.1.gemspec
I, [2014-02-11T12:06:23.348534 #48635]  INFO -- : 0:  ruby (0.1.0) from /Users/nabin/.rvm/gems/ruby-2.0.0-p353/specifications/ruby-0.1.0.gemspec
I, [2014-02-11T12:06:23.348936 #48635]  INFO -- : 0:  tilt (1.4.1) from /Users/nabin/.rvm/gems/ruby-2.0.0-p353/specifications/tilt-1.4.1.gemspec
I, [2014-02-11T12:06:23.349356 #48635]  INFO -- : 0:  sinatra (1.4.4) from /Users/nabin/.rvm/gems/ruby-2.0.0-p353/specifications/sinatra-1.4.4.gemspec
I, [2014-02-11T12:06:23.349760 #48635]  INFO -- : 0:  bundler (1.5.1) from /Users/nabin/.rvm/gems/ruby-2.0.0-p353@global/specifications/bundler-1.5.1.gemspec
I, [2014-02-11T12:11:43.980737 #48657]  INFO -- : 0:  addressable (2.3.5) from /Users/nabin/.rvm/gems/ruby-2.0.0-p353/specifications/addressable-2.3.5.gemspec
I, [2014-02-11T12:11:43.981418 #48657]  INFO -- : 0:  bcrypt-ruby (3.1.2) from /Users/nabin/.rvm/gems/ruby-2.0.0-p353/specifications/bcrypt-ruby-3.1.2.gemspec
I, [2014-02-11T12:11:43.981937 #48657]  INFO -- : 0:  dm-core (1.2.1) from /Users/nabin/.rvm/gems/ruby-2.0.0-p353/specifications/dm-core-1.2.1.gemspec
I, [2014-02-11T12:11:43.982364 #48657]  INFO -- : 0:  dm-aggregates (1.2.0) from /Users/nabin/.rvm/gems/ruby-2.0.0-p353/specifications/dm-aggregates-1.2.0.gemspec
I, [2014-02-11T12:11:43.989726 #48657]  INFO -- : 0:  dm-constraints (1.2.0) from /Users/nabin/.rvm/gems/ruby-2.0.0-p353/specifications/dm-constraints-1.2.0.gemspec
I, [2014-02-11T12:11:43.990171 #48657]  INFO -- : 0:  dm-migrations (1.2.0) from /Users/nabin/.rvm/gems/ruby-2.0.0-p353/specifications/dm-migrations-1.2.0.gemspec
I, [2014-02-11T12:11:43.990588 #48657]  INFO -- : 0:  fastercsv (1.5.5) from /Users/nabin/.rvm/gems/ruby-2.0.0-p353/specifications/fastercsv-1.5.5.gemspec
I, [2014-02-11T12:11:43.991015 #48657]  INFO -- : 0:  json (1.8.1) from /Users/nabin/.rvm/gems/ruby-2.0.0-p353/specifications/json-1.8.1.gemspec
I, [2014-02-11T12:11:43.991414 #48657]  INFO -- : 0:  json_pure (1.8.1) from /Users/nabin/.rvm/gems/ruby-2.0.0-p353/specifications/json_pure-1.8.1.gemspec
I, [2014-02-11T12:11:43.991851 #48657]  INFO -- : 0:  multi_json (1.8.4) from /Users/nabin/.rvm/gems/ruby-2.0.0-p353/specifications/multi_json-1.8.4.gemspec
I, [2014-02-11T12:11:43.992272 #48657]  INFO -- : 0:  dm-serializer (1.2.2) from /Users/nabin/.rvm/gems/ruby-2.0.0-p353/specifications/dm-serializer-1.2.2.gemspec
I, [2014-02-11T12:11:43.992685 #48657]  INFO -- : 0:  dm-timestamps (1.2.0) from /Users/nabin/.rvm/gems/ruby-2.0.0-p353/specifications/dm-timestamps-1.2.0.gemspec
I, [2014-02-11T12:11:43.993097 #48657]  INFO -- : 0:  dm-transactions (1.2.0) from /Users/nabin/.rvm/gems/ruby-2.0.0-p353/specifications/dm-transactions-1.2.0.gemspec
I, [2014-02-11T12:11:43.993506 #48657]  INFO -- : 0:  stringex (1.5.1) from /Users/nabin/.rvm/gems/ruby-2.0.0-p353/specifications/stringex-1.5.1.gemspec
I, [2014-02-11T12:11:43.993894 #48657]  INFO -- : 0:  uuidtools (2.1.4) from /Users/nabin/.rvm/gems/ruby-2.0.0-p353/specifications/uuidtools-2.1.4.gemspec
I, [2014-02-11T12:11:43.994300 #48657]  INFO -- : 0:  dm-types (1.2.2) from /Users/nabin/.rvm/gems/ruby-2.0.0-p353/specifications/dm-types-1.2.2.gemspec
I, [2014-02-11T12:11:43.994706 #48657]  INFO -- : 0:  dm-validations (1.2.0) from /Users/nabin/.rvm/gems/ruby-2.0.0-p353/specifications/dm-validations-1.2.0.gemspec
I, [2014-02-11T12:11:43.995118 #48657]  INFO -- : 0:  data_mapper (1.2.0) from /Users/nabin/.rvm/gems/ruby-2.0.0-p353/specifications/data_mapper-1.2.0.gemspec
I, [2014-02-11T12:11:43.995529 #48657]  INFO -- : 0:  data_objects (0.10.13) from /Users/nabin/.rvm/gems/ruby-2.0.0-p353/specifications/data_objects-0.10.13.gemspec
I, [2014-02-11T12:11:43.995939 #48657]  INFO -- : 0:  diff-lcs (1.2.5) from /Users/nabin/.rvm/gems/ruby-2.0.0-p353/specifications/diff-lcs-1.2.5.gemspec
I, [2014-02-11T12:11:43.996327 #48657]  INFO -- : 0:  dm-do-adapter (1.2.0) from /Users/nabin/.rvm/gems/ruby-2.0.0-p353/specifications/dm-do-adapter-1.2.0.gemspec
I, [2014-02-11T12:11:43.996767 #48657]  INFO -- : 0:  do_postgres (0.10.13) from /Users/nabin/.rvm/gems/ruby-2.0.0-p353/specifications/do_postgres-0.10.13.gemspec
I, [2014-02-11T12:11:43.997182 #48657]  INFO -- : 0:  dm-postgres-adapter (1.2.0) from /Users/nabin/.rvm/gems/ruby-2.0.0-p353/specifications/dm-postgres-adapter-1.2.0.gemspec
I, [2014-02-11T12:11:43.997591 #48657]  INFO -- : 0:  rack (1.5.2) from /Users/nabin/.rvm/gems/ruby-2.0.0-p353/specifications/rack-1.5.2.gemspec
I, [2014-02-11T12:11:43.998029 #48657]  INFO -- : 0:  rack-protection (1.5.2) from /Users/nabin/.rvm/gems/ruby-2.0.0-p353/specifications/rack-protection-1.5.2.gemspec
I, [2014-02-11T12:11:43.998418 #48657]  INFO -- : 0:  rspec-core (2.14.7) from /Users/nabin/.rvm/gems/ruby-2.0.0-p353/specifications/rspec-core-2.14.7.gemspec
I, [2014-02-11T12:11:43.998843 #48657]  INFO -- : 0:  rspec-expectations (2.14.5) from /Users/nabin/.rvm/gems/ruby-2.0.0-p353/specifications/rspec-expectations-2.14.5.gemspec
I, [2014-02-11T12:11:44.006753 #48657]  INFO -- : 0:  rspec-mocks (2.14.5) from /Users/nabin/.rvm/gems/ruby-2.0.0-p353/specifications/rspec-mocks-2.14.5.gemspec
I, [2014-02-11T12:11:44.007368 #48657]  INFO -- : 0:  rspec (2.14.1) from /Users/nabin/.rvm/gems/ruby-2.0.0-p353/specifications/rspec-2.14.1.gemspec
I, [2014-02-11T12:11:44.007914 #48657]  INFO -- : 0:  tilt (1.4.1) from /Users/nabin/.rvm/gems/ruby-2.0.0-p353/specifications/tilt-1.4.1.gemspec
I, [2014-02-11T12:11:44.008358 #48657]  INFO -- : 0:  sinatra (1.4.4) from /Users/nabin/.rvm/gems/ruby-2.0.0-p353/specifications/sinatra-1.4.4.gemspec
I, [2014-02-11T12:11:44.008735 #48657]  INFO -- : 0:  bundler (1.5.1) from /Users/nabin/.rvm/gems/ruby-2.0.0-p353@global/specifications/bundler-1.5.1.gemspec
I, [2014-02-11T12:12:20.266560 #48663]  INFO -- : 0:  addressable (2.3.5) from /Users/nabin/.rvm/gems/ruby-2.0.0-p353/specifications/addressable-2.3.5.gemspec
I, [2014-02-11T12:12:20.267128 #48663]  INFO -- : 0:  bcrypt-ruby (3.1.2) from /Users/nabin/.rvm/gems/ruby-2.0.0-p353/specifications/bcrypt-ruby-3.1.2.gemspec
I, [2014-02-11T12:12:20.267535 #48663]  INFO -- : 0:  dm-core (1.2.1) from /Users/nabin/.rvm/gems/ruby-2.0.0-p353/specifications/dm-core-1.2.1.gemspec
I, [2014-02-11T12:12:20.267936 #48663]  INFO -- : 0:  dm-aggregates (1.2.0) from /Users/nabin/.rvm/gems/ruby-2.0.0-p353/specifications/dm-aggregates-1.2.0.gemspec
I, [2014-02-11T12:12:20.268374 #48663]  INFO -- : 0:  dm-constraints (1.2.0) from /Users/nabin/.rvm/gems/ruby-2.0.0-p353/specifications/dm-constraints-1.2.0.gemspec
I, [2014-02-11T12:12:20.268775 #48663]  INFO -- : 0:  dm-migrations (1.2.0) from /Users/nabin/.rvm/gems/ruby-2.0.0-p353/specifications/dm-migrations-1.2.0.gemspec
I, [2014-02-11T12:12:20.269173 #48663]  INFO -- : 0:  fastercsv (1.5.5) from /Users/nabin/.rvm/gems/ruby-2.0.0-p353/specifications/fastercsv-1.5.5.gemspec
I, [2014-02-11T12:12:20.269584 #48663]  INFO -- : 0:  json (1.8.1) from /Users/nabin/.rvm/gems/ruby-2.0.0-p353/specifications/json-1.8.1.gemspec
I, [2014-02-11T12:12:20.269994 #48663]  INFO -- : 0:  json_pure (1.8.1) from /Users/nabin/.rvm/gems/ruby-2.0.0-p353/specifications/json_pure-1.8.1.gemspec
I, [2014-02-11T12:12:20.270396 #48663]  INFO -- : 0:  multi_json (1.8.4) from /Users/nabin/.rvm/gems/ruby-2.0.0-p353/specifications/multi_json-1.8.4.gemspec
I, [2014-02-11T12:12:20.270792 #48663]  INFO -- : 0:  dm-serializer (1.2.2) from /Users/nabin/.rvm/gems/ruby-2.0.0-p353/specifications/dm-serializer-1.2.2.gemspec
I, [2014-02-11T12:12:20.271183 #48663]  INFO -- : 0:  dm-timestamps (1.2.0) from /Users/nabin/.rvm/gems/ruby-2.0.0-p353/specifications/dm-timestamps-1.2.0.gemspec
I, [2014-02-11T12:12:20.271574 #48663]  INFO -- : 0:  dm-transactions (1.2.0) from /Users/nabin/.rvm/gems/ruby-2.0.0-p353/specifications/dm-transactions-1.2.0.gemspec
I, [2014-02-11T12:12:20.277348 #48663]  INFO -- : 0:  stringex (1.5.1) from /Users/nabin/.rvm/gems/ruby-2.0.0-p353/specifications/stringex-1.5.1.gemspec
I, [2014-02-11T12:12:20.277795 #48663]  INFO -- : 0:  uuidtools (2.1.4) from /Users/nabin/.rvm/gems/ruby-2.0.0-p353/specifications/uuidtools-2.1.4.gemspec
I, [2014-02-11T12:12:20.278241 #48663]  INFO -- : 0:  dm-types (1.2.2) from /Users/nabin/.rvm/gems/ruby-2.0.0-p353/specifications/dm-types-1.2.2.gemspec
I, [2014-02-11T12:12:20.279081 #48663]  INFO -- : 0:  dm-validations (1.2.0) from /Users/nabin/.rvm/gems/ruby-2.0.0-p353/specifications/dm-validations-1.2.0.gemspec
I, [2014-02-11T12:12:20.279535 #48663]  INFO -- : 0:  data_mapper (1.2.0) from /Users/nabin/.rvm/gems/ruby-2.0.0-p353/specifications/data_mapper-1.2.0.gemspec
I, [2014-02-11T12:12:20.279985 #48663]  INFO -- : 0:  data_objects (0.10.13) from /Users/nabin/.rvm/gems/ruby-2.0.0-p353/specifications/data_objects-0.10.13.gemspec
I, [2014-02-11T12:12:20.280430 #48663]  INFO -- : 0:  diff-lcs (1.2.5) from /Users/nabin/.rvm/gems/ruby-2.0.0-p353/specifications/diff-lcs-1.2.5.gemspec
I, [2014-02-11T12:12:20.281828 #48663]  INFO -- : 0:  dm-do-adapter (1.2.0) from /Users/nabin/.rvm/gems/ruby-2.0.0-p353/specifications/dm-do-adapter-1.2.0.gemspec
I, [2014-02-11T12:12:20.285385 #48663]  INFO -- : 0:  do_postgres (0.10.13) from /Users/nabin/.rvm/gems/ruby-2.0.0-p353/specifications/do_postgres-0.10.13.gemspec
I, [2014-02-11T12:12:20.285846 #48663]  INFO -- : 0:  dm-postgres-adapter (1.2.0) from /Users/nabin/.rvm/gems/ruby-2.0.0-p353/specifications/dm-postgres-adapter-1.2.0.gemspec
I, [2014-02-11T12:12:20.286282 #48663]  INFO -- : 0:  rack (1.5.2) from /Users/nabin/.rvm/gems/ruby-2.0.0-p353/specifications/rack-1.5.2.gemspec
I, [2014-02-11T12:12:20.286697 #48663]  INFO -- : 0:  rack-protection (1.5.2) from /Users/nabin/.rvm/gems/ruby-2.0.0-p353/specifications/rack-protection-1.5.2.gemspec
I, [2014-02-11T12:12:20.287106 #48663]  INFO -- : 0:  rspec-core (2.14.7) from /Users/nabin/.rvm/gems/ruby-2.0.0-p353/specifications/rspec-core-2.14.7.gemspec
I, [2014-02-11T12:12:20.287532 #48663]  INFO -- : 0:  rspec-expectations (2.14.5) from /Users/nabin/.rvm/gems/ruby-2.0.0-p353/specifications/rspec-expectations-2.14.5.gemspec
I, [2014-02-11T12:12:20.287952 #48663]  INFO -- : 0:  rspec-mocks (2.14.5) from /Users/nabin/.rvm/gems/ruby-2.0.0-p353/specifications/rspec-mocks-2.14.5.gemspec
I, [2014-02-11T12:12:20.288362 #48663]  INFO -- : 0:  rspec (2.14.1) from /Users/nabin/.rvm/gems/ruby-2.0.0-p353/specifications/rspec-2.14.1.gemspec
I, [2014-02-11T12:12:20.288771 #48663]  INFO -- : 0:  tilt (1.4.1) from /Users/nabin/.rvm/gems/ruby-2.0.0-p353/specifications/tilt-1.4.1.gemspec
I, [2014-02-11T12:12:20.289176 #48663]  INFO -- : 0:  sinatra (1.4.4) from /Users/nabin/.rvm/gems/ruby-2.0.0-p353/specifications/sinatra-1.4.4.gemspec
I, [2014-02-11T12:12:20.289571 #48663]  INFO -- : 0:  bundler (1.5.1) from /Users/nabin/.rvm/gems/ruby-2.0.0-p353@global/specifications/bundler-1.5.1.gemspec
I, [2014-02-11T12:17:11.502948 #48678]  INFO -- : 0:  addressable (2.3.5) from /Users/nabin/.rvm/gems/ruby-2.0.0-p353/specifications/addressable-2.3.5.gemspec
I, [2014-02-11T12:17:11.503667 #48678]  INFO -- : 0:  bcrypt-ruby (3.1.2) from /Users/nabin/.rvm/gems/ruby-2.0.0-p353/specifications/bcrypt-ruby-3.1.2.gemspec
I, [2014-02-11T12:17:11.508386 #48678]  INFO -- : 0:  dm-core (1.2.1) from /Users/nabin/.rvm/gems/ruby-2.0.0-p353/specifications/dm-core-1.2.1.gemspec
I, [2014-02-11T12:17:11.508909 #48678]  INFO -- : 0:  dm-aggregates (1.2.0) from /Users/nabin/.rvm/gems/ruby-2.0.0-p353/specifications/dm-aggregates-1.2.0.gemspec
I, [2014-02-11T12:17:11.509334 #48678]  INFO -- : 0:  dm-constraints (1.2.0) from /Users/nabin/.rvm/gems/ruby-2.0.0-p353/specifications/dm-constraints-1.2.0.gemspec
I, [2014-02-11T12:17:11.509744 #48678]  INFO -- : 0:  dm-migrations (1.2.0) from /Users/nabin/.rvm/gems/ruby-2.0.0-p353/specifications/dm-migrations-1.2.0.gemspec
I, [2014-02-11T12:17:11.510144 #48678]  INFO -- : 0:  fastercsv (1.5.5) from /Users/nabin/.rvm/gems/ruby-2.0.0-p353/specifications/fastercsv-1.5.5.gemspec
I, [2014-02-11T12:17:11.510546 #48678]  INFO -- : 0:  json (1.8.1) from /Users/nabin/.rvm/gems/ruby-2.0.0-p353/specifications/json-1.8.1.gemspec
I, [2014-02-11T12:17:11.510932 #48678]  INFO -- : 0:  json_pure (1.8.1) from /Users/nabin/.rvm/gems/ruby-2.0.0-p353/specifications/json_pure-1.8.1.gemspec
I, [2014-02-11T12:17:11.511312 #48678]  INFO -- : 0:  multi_json (1.8.4) from /Users/nabin/.rvm/gems/ruby-2.0.0-p353/specifications/multi_json-1.8.4.gemspec
I, [2014-02-11T12:17:11.511698 #48678]  INFO -- : 0:  dm-serializer (1.2.2) from /Users/nabin/.rvm/gems/ruby-2.0.0-p353/specifications/dm-serializer-1.2.2.gemspec
I, [2014-02-11T12:17:11.512074 #48678]  INFO -- : 0:  dm-timestamps (1.2.0) from /Users/nabin/.rvm/gems/ruby-2.0.0-p353/specifications/dm-timestamps-1.2.0.gemspec
I, [2014-02-11T12:17:11.512460 #48678]  INFO -- : 0:  dm-transactions (1.2.0) from /Users/nabin/.rvm/gems/ruby-2.0.0-p353/specifications/dm-transactions-1.2.0.gemspec
I, [2014-02-11T12:17:11.512841 #48678]  INFO -- : 0:  stringex (1.5.1) from /Users/nabin/.rvm/gems/ruby-2.0.0-p353/specifications/stringex-1.5.1.gemspec
I, [2014-02-11T12:17:11.513219 #48678]  INFO -- : 0:  uuidtools (2.1.4) from /Users/nabin/.rvm/gems/ruby-2.0.0-p353/specifications/uuidtools-2.1.4.gemspec
I, [2014-02-11T12:17:11.513599 #48678]  INFO -- : 0:  dm-types (1.2.2) from /Users/nabin/.rvm/gems/ruby-2.0.0-p353/specifications/dm-types-1.2.2.gemspec
I, [2014-02-11T12:17:11.519461 #48678]  INFO -- : 0:  dm-validations (1.2.0) from /Users/nabin/.rvm/gems/ruby-2.0.0-p353/specifications/dm-validations-1.2.0.gemspec
I, [2014-02-11T12:17:11.521604 #48678]  INFO -- : 0:  data_mapper (1.2.0) from /Users/nabin/.rvm/gems/ruby-2.0.0-p353/specifications/data_mapper-1.2.0.gemspec
I, [2014-02-11T12:17:11.522077 #48678]  INFO -- : 0:  data_objects (0.10.13) from /Users/nabin/.rvm/gems/ruby-2.0.0-p353/specifications/data_objects-0.10.13.gemspec
I, [2014-02-11T12:17:11.522461 #48678]  INFO -- : 0:  diff-lcs (1.2.5) from /Users/nabin/.rvm/gems/ruby-2.0.0-p353/specifications/diff-lcs-1.2.5.gemspec
I, [2014-02-11T12:17:11.522835 #48678]  INFO -- : 0:  dm-do-adapter (1.2.0) from /Users/nabin/.rvm/gems/ruby-2.0.0-p353/specifications/dm-do-adapter-1.2.0.gemspec
I, [2014-02-11T12:17:11.523208 #48678]  INFO -- : 0:  do_postgres (0.10.13) from /Users/nabin/.rvm/gems/ruby-2.0.0-p353/specifications/do_postgres-0.10.13.gemspec
I, [2014-02-11T12:17:11.523592 #48678]  INFO -- : 0:  dm-postgres-adapter (1.2.0) from /Users/nabin/.rvm/gems/ruby-2.0.0-p353/specifications/dm-postgres-adapter-1.2.0.gemspec
I, [2014-02-11T12:17:11.523968 #48678]  INFO -- : 0:  rack (1.5.2) from /Users/nabin/.rvm/gems/ruby-2.0.0-p353/specifications/rack-1.5.2.gemspec
I, [2014-02-11T12:17:11.524342 #48678]  INFO -- : 0:  rack-protection (1.5.2) from /Users/nabin/.rvm/gems/ruby-2.0.0-p353/specifications/rack-protection-1.5.2.gemspec
I, [2014-02-11T12:17:11.524711 #48678]  INFO -- : 0:  rspec-core (2.14.7) from /Users/nabin/.rvm/gems/ruby-2.0.0-p353/specifications/rspec-core-2.14.7.gemspec
I, [2014-02-11T12:17:11.525131 #48678]  INFO -- : 0:  rspec-expectations (2.14.5) from /Users/nabin/.rvm/gems/ruby-2.0.0-p353/specifications/rspec-expectations-2.14.5.gemspec
I, [2014-02-11T12:17:11.525566 #48678]  INFO -- : 0:  rspec-mocks (2.14.5) from /Users/nabin/.rvm/gems/ruby-2.0.0-p353/specifications/rspec-mocks-2.14.5.gemspec
I, [2014-02-11T12:17:11.526019 #48678]  INFO -- : 0:  rspec (2.14.1) from /Users/nabin/.rvm/gems/ruby-2.0.0-p353/specifications/rspec-2.14.1.gemspec
I, [2014-02-11T12:17:11.526471 #48678]  INFO -- : 0:  tilt (1.4.1) from /Users/nabin/.rvm/gems/ruby-2.0.0-p353/specifications/tilt-1.4.1.gemspec
I, [2014-02-11T12:17:11.526930 #48678]  INFO -- : 0:  sinatra (1.4.4) from /Users/nabin/.rvm/gems/ruby-2.0.0-p353/specifications/sinatra-1.4.4.gemspec
I, [2014-02-11T12:17:11.527359 #48678]  INFO -- : 0:  bundler (1.5.1) from /Users/nabin/.rvm/gems/ruby-2.0.0-p353@global/specifications/bundler-1.5.1.gemspec
I, [2014-02-11T12:40:49.856391 #48779]  INFO -- : 0:  addressable (2.3.5) from /Users/nabin/.rvm/gems/ruby-2.0.0-p353/specifications/addressable-2.3.5.gemspec
I, [2014-02-11T12:40:49.856995 #48779]  INFO -- : 0:  bcrypt-ruby (3.1.2) from /Users/nabin/.rvm/gems/ruby-2.0.0-p353/specifications/bcrypt-ruby-3.1.2.gemspec
I, [2014-02-11T12:40:49.857585 #48779]  INFO -- : 0:  dm-core (1.2.1) from /Users/nabin/.rvm/gems/ruby-2.0.0-p353/specifications/dm-core-1.2.1.gemspec
I, [2014-02-11T12:40:49.858119 #48779]  INFO -- : 0:  dm-aggregates (1.2.0) from /Users/nabin/.rvm/gems/ruby-2.0.0-p353/specifications/dm-aggregates-1.2.0.gemspec
I, [2014-02-11T12:40:49.858636 #48779]  INFO -- : 0:  dm-constraints (1.2.0) from /Users/nabin/.rvm/gems/ruby-2.0.0-p353/specifications/dm-constraints-1.2.0.gemspec
I, [2014-02-11T12:40:49.859148 #48779]  INFO -- : 0:  dm-migrations (1.2.0) from /Users/nabin/.rvm/gems/ruby-2.0.0-p353/specifications/dm-migrations-1.2.0.gemspec
I, [2014-02-11T12:40:49.859656 #48779]  INFO -- : 0:  fastercsv (1.5.5) from /Users/nabin/.rvm/gems/ruby-2.0.0-p353/specifications/fastercsv-1.5.5.gemspec
I, [2014-02-11T12:40:49.860176 #48779]  INFO -- : 0:  json (1.8.1) from /Users/nabin/.rvm/gems/ruby-2.0.0-p353/specifications/json-1.8.1.gemspec
I, [2014-02-11T12:40:49.860676 #48779]  INFO -- : 0:  json_pure (1.8.1) from /Users/nabin/.rvm/gems/ruby-2.0.0-p353/specifications/json_pure-1.8.1.gemspec
I, [2014-02-11T12:40:49.861176 #48779]  INFO -- : 0:  multi_json (1.8.4) from /Users/nabin/.rvm/gems/ruby-2.0.0-p353/specifications/multi_json-1.8.4.gemspec
I, [2014-02-11T12:40:49.861681 #48779]  INFO -- : 0:  dm-serializer (1.2.2) from /Users/nabin/.rvm/gems/ruby-2.0.0-p353/specifications/dm-serializer-1.2.2.gemspec
I, [2014-02-11T12:40:49.862201 #48779]  INFO -- : 0:  dm-timestamps (1.2.0) from /Users/nabin/.rvm/gems/ruby-2.0.0-p353/specifications/dm-timestamps-1.2.0.gemspec
I, [2014-02-11T12:40:49.862697 #48779]  INFO -- : 0:  dm-transactions (1.2.0) from /Users/nabin/.rvm/gems/ruby-2.0.0-p353/specifications/dm-transactions-1.2.0.gemspec
I, [2014-02-11T12:40:49.863190 #48779]  INFO -- : 0:  stringex (1.5.1) from /Users/nabin/.rvm/gems/ruby-2.0.0-p353/specifications/stringex-1.5.1.gemspec
I, [2014-02-11T12:40:49.863678 #48779]  INFO -- : 0:  uuidtools (2.1.4) from /Users/nabin/.rvm/gems/ruby-2.0.0-p353/specifications/uuidtools-2.1.4.gemspec
I, [2014-02-11T12:40:49.864170 #48779]  INFO -- : 0:  dm-types (1.2.2) from /Users/nabin/.rvm/gems/ruby-2.0.0-p353/specifications/dm-types-1.2.2.gemspec
I, [2014-02-11T12:40:49.864665 #48779]  INFO -- : 0:  dm-validations (1.2.0) from /Users/nabin/.rvm/gems/ruby-2.0.0-p353/specifications/dm-validations-1.2.0.gemspec
I, [2014-02-11T12:40:49.865159 #48779]  INFO -- : 0:  data_mapper (1.2.0) from /Users/nabin/.rvm/gems/ruby-2.0.0-p353/specifications/data_mapper-1.2.0.gemspec
I, [2014-02-11T12:40:49.865657 #48779]  INFO -- : 0:  data_objects (0.10.13) from /Users/nabin/.rvm/gems/ruby-2.0.0-p353/specifications/data_objects-0.10.13.gemspec
I, [2014-02-11T12:40:57.100074 #48779]  INFO -- : 0:  database_cleaner (1.2.0) from /Users/nabin/.rvm/gems/ruby-2.0.0-p353/specifications/database_cleaner-1.2.0.gemspec
I, [2014-02-11T12:40:57.100702 #48779]  INFO -- : 0:  diff-lcs (1.2.5) from /Users/nabin/.rvm/gems/ruby-2.0.0-p353/specifications/diff-lcs-1.2.5.gemspec
I, [2014-02-11T12:40:57.101160 #48779]  INFO -- : 0:  dm-do-adapter (1.2.0) from /Users/nabin/.rvm/gems/ruby-2.0.0-p353/specifications/dm-do-adapter-1.2.0.gemspec
I, [2014-02-11T12:40:57.101595 #48779]  INFO -- : 0:  do_postgres (0.10.13) from /Users/nabin/.rvm/gems/ruby-2.0.0-p353/specifications/do_postgres-0.10.13.gemspec
I, [2014-02-11T12:40:57.102031 #48779]  INFO -- : 0:  dm-postgres-adapter (1.2.0) from /Users/nabin/.rvm/gems/ruby-2.0.0-p353/specifications/dm-postgres-adapter-1.2.0.gemspec
I, [2014-02-11T12:40:57.102444 #48779]  INFO -- : 0:  rack (1.5.2) from /Users/nabin/.rvm/gems/ruby-2.0.0-p353/specifications/rack-1.5.2.gemspec
I, [2014-02-11T12:40:57.102894 #48779]  INFO -- : 0:  rack-protection (1.5.2) from /Users/nabin/.rvm/gems/ruby-2.0.0-p353/specifications/rack-protection-1.5.2.gemspec
I, [2014-02-11T12:40:57.103322 #48779]  INFO -- : 0:  rspec-core (2.14.7) from /Users/nabin/.rvm/gems/ruby-2.0.0-p353/specifications/rspec-core-2.14.7.gemspec
I, [2014-02-11T12:40:57.103752 #48779]  INFO -- : 0:  rspec-expectations (2.14.5) from /Users/nabin/.rvm/gems/ruby-2.0.0-p353/specifications/rspec-expectations-2.14.5.gemspec
I, [2014-02-11T12:40:57.104172 #48779]  INFO -- : 0:  rspec-mocks (2.14.5) from /Users/nabin/.rvm/gems/ruby-2.0.0-p353/specifications/rspec-mocks-2.14.5.gemspec
I, [2014-02-11T12:40:57.104579 #48779]  INFO -- : 0:  rspec (2.14.1) from /Users/nabin/.rvm/gems/ruby-2.0.0-p353/specifications/rspec-2.14.1.gemspec
I, [2014-02-11T12:40:57.104986 #48779]  INFO -- : 0:  tilt (1.4.1) from /Users/nabin/.rvm/gems/ruby-2.0.0-p353/specifications/tilt-1.4.1.gemspec
I, [2014-02-11T12:40:57.105392 #48779]  INFO -- : 0:  sinatra (1.4.4) from /Users/nabin/.rvm/gems/ruby-2.0.0-p353/specifications/sinatra-1.4.4.gemspec
I, [2014-02-11T12:40:57.105786 #48779]  INFO -- : 0:  bundler (1.5.1) from /Users/nabin/.rvm/gems/ruby-2.0.0-p353@global/specifications/bundler-1.5.1.gemspec
I, [2014-02-11T13:00:20.178936 #48912]  INFO -- : 0:  addressable (2.3.5) from /Users/nabin/.rvm/gems/ruby-2.0.0-p353/specifications/addressable-2.3.5.gemspec
I, [2014-02-11T13:00:20.179569 #48912]  INFO -- : 0:  bcrypt-ruby (3.1.2) from /Users/nabin/.rvm/gems/ruby-2.0.0-p353/specifications/bcrypt-ruby-3.1.2.gemspec
I, [2014-02-11T13:00:20.179982 #48912]  INFO -- : 0:  mime-types (2.1) from /Users/nabin/.rvm/gems/ruby-2.0.0-p353/specifications/mime-types-2.1.gemspec
I, [2014-02-11T13:00:20.180378 #48912]  INFO -- : 0:  mini_portile (0.5.2) from /Users/nabin/.rvm/gems/ruby-2.0.0-p353/specifications/mini_portile-0.5.2.gemspec
I, [2014-02-11T13:00:20.180788 #48912]  INFO -- : 0:  nokogiri (1.6.1) from /Users/nabin/.rvm/gems/ruby-2.0.0-p353/specifications/nokogiri-1.6.1.gemspec
I, [2014-02-11T13:00:20.181170 #48912]  INFO -- : 0:  rack (1.5.2) from /Users/nabin/.rvm/gems/ruby-2.0.0-p353/specifications/rack-1.5.2.gemspec
I, [2014-02-11T13:00:20.181555 #48912]  INFO -- : 0:  rack-test (0.6.2) from /Users/nabin/.rvm/gems/ruby-2.0.0-p353/specifications/rack-test-0.6.2.gemspec
I, [2014-02-11T13:00:20.181939 #48912]  INFO -- : 0:  xpath (2.0.0) from /Users/nabin/.rvm/gems/ruby-2.0.0-p353/specifications/xpath-2.0.0.gemspec
I, [2014-02-11T13:00:20.182330 #48912]  INFO -- : 0:  capybara (2.2.1) from /Users/nabin/.rvm/gems/ruby-2.0.0-p353/specifications/capybara-2.2.1.gemspec
I, [2014-02-11T13:00:20.182743 #48912]  INFO -- : 0:  dm-core (1.2.1) from /Users/nabin/.rvm/gems/ruby-2.0.0-p353/specifications/dm-core-1.2.1.gemspec
I, [2014-02-11T13:00:20.183165 #48912]  INFO -- : 0:  dm-aggregates (1.2.0) from /Users/nabin/.rvm/gems/ruby-2.0.0-p353/specifications/dm-aggregates-1.2.0.gemspec
I, [2014-02-11T13:00:20.183593 #48912]  INFO -- : 0:  dm-constraints (1.2.0) from /Users/nabin/.rvm/gems/ruby-2.0.0-p353/specifications/dm-constraints-1.2.0.gemspec
I, [2014-02-11T13:00:20.184051 #48912]  INFO -- : 0:  dm-migrations (1.2.0) from /Users/nabin/.rvm/gems/ruby-2.0.0-p353/specifications/dm-migrations-1.2.0.gemspec
I, [2014-02-11T13:00:20.184508 #48912]  INFO -- : 0:  fastercsv (1.5.5) from /Users/nabin/.rvm/gems/ruby-2.0.0-p353/specifications/fastercsv-1.5.5.gemspec
I, [2014-02-11T13:00:20.184996 #48912]  INFO -- : 0:  json (1.8.1) from /Users/nabin/.rvm/gems/ruby-2.0.0-p353/specifications/json-1.8.1.gemspec
I, [2014-02-11T13:00:20.185450 #48912]  INFO -- : 0:  json_pure (1.8.1) from /Users/nabin/.rvm/gems/ruby-2.0.0-p353/specifications/json_pure-1.8.1.gemspec
I, [2014-02-11T13:00:20.186201 #48912]  INFO -- : 0:  multi_json (1.8.4) from /Users/nabin/.rvm/gems/ruby-2.0.0-p353/specifications/multi_json-1.8.4.gemspec
I, [2014-02-11T13:00:20.186832 #48912]  INFO -- : 0:  dm-serializer (1.2.2) from /Users/nabin/.rvm/gems/ruby-2.0.0-p353/specifications/dm-serializer-1.2.2.gemspec
I, [2014-02-11T13:00:20.187471 #48912]  INFO -- : 0:  dm-timestamps (1.2.0) from /Users/nabin/.rvm/gems/ruby-2.0.0-p353/specifications/dm-timestamps-1.2.0.gemspec
I, [2014-02-11T13:00:20.188044 #48912]  INFO -- : 0:  dm-transactions (1.2.0) from /Users/nabin/.rvm/gems/ruby-2.0.0-p353/specifications/dm-transactions-1.2.0.gemspec
I, [2014-02-11T13:00:20.188585 #48912]  INFO -- : 0:  stringex (1.5.1) from /Users/nabin/.rvm/gems/ruby-2.0.0-p353/specifications/stringex-1.5.1.gemspec
I, [2014-02-11T13:00:20.189117 #48912]  INFO -- : 0:  uuidtools (2.1.4) from /Users/nabin/.rvm/gems/ruby-2.0.0-p353/specifications/uuidtools-2.1.4.gemspec
I, [2014-02-11T13:00:20.189656 #48912]  INFO -- : 0:  dm-types (1.2.2) from /Users/nabin/.rvm/gems/ruby-2.0.0-p353/specifications/dm-types-1.2.2.gemspec
I, [2014-02-11T13:00:20.190197 #48912]  INFO -- : 0:  dm-validations (1.2.0) from /Users/nabin/.rvm/gems/ruby-2.0.0-p353/specifications/dm-validations-1.2.0.gemspec
I, [2014-02-11T13:00:20.190731 #48912]  INFO -- : 0:  data_mapper (1.2.0) from /Users/nabin/.rvm/gems/ruby-2.0.0-p353/specifications/data_mapper-1.2.0.gemspec
I, [2014-02-11T13:00:20.191265 #48912]  INFO -- : 0:  data_objects (0.10.13) from /Users/nabin/.rvm/gems/ruby-2.0.0-p353/specifications/data_objects-0.10.13.gemspec
I, [2014-02-11T13:00:20.191837 #48912]  INFO -- : 0:  database_cleaner (1.2.0) from /Users/nabin/.rvm/gems/ruby-2.0.0-p353/specifications/database_cleaner-1.2.0.gemspec
I, [2014-02-11T13:00:20.192371 #48912]  INFO -- : 0:  diff-lcs (1.2.5) from /Users/nabin/.rvm/gems/ruby-2.0.0-p353/specifications/diff-lcs-1.2.5.gemspec
I, [2014-02-11T13:00:20.192912 #48912]  INFO -- : 0:  dm-do-adapter (1.2.0) from /Users/nabin/.rvm/gems/ruby-2.0.0-p353/specifications/dm-do-adapter-1.2.0.gemspec
I, [2014-02-11T13:00:20.193454 #48912]  INFO -- : 0:  do_postgres (0.10.13) from /Users/nabin/.rvm/gems/ruby-2.0.0-p353/specifications/do_postgres-0.10.13.gemspec
I, [2014-02-11T13:00:20.194020 #48912]  INFO -- : 0:  dm-postgres-adapter (1.2.0) from /Users/nabin/.rvm/gems/ruby-2.0.0-p353/specifications/dm-postgres-adapter-1.2.0.gemspec
I, [2014-02-11T13:00:20.194560 #48912]  INFO -- : 0:  rack-protection (1.5.2) from /Users/nabin/.rvm/gems/ruby-2.0.0-p353/specifications/rack-protection-1.5.2.gemspec
I, [2014-02-11T13:00:20.195110 #48912]  INFO -- : 0:  rspec-core (2.14.7) from /Users/nabin/.rvm/gems/ruby-2.0.0-p353/specifications/rspec-core-2.14.7.gemspec
I, [2014-02-11T13:00:20.195670 #48912]  INFO -- : 0:  rspec-expectations (2.14.5) from /Users/nabin/.rvm/gems/ruby-2.0.0-p353/specifications/rspec-expectations-2.14.5.gemspec
I, [2014-02-11T13:00:20.196225 #48912]  INFO -- : 0:  rspec-mocks (2.14.5) from /Users/nabin/.rvm/gems/ruby-2.0.0-p353/specifications/rspec-mocks-2.14.5.gemspec
I, [2014-02-11T13:00:20.196763 #48912]  INFO -- : 0:  rspec (2.14.1) from /Users/nabin/.rvm/gems/ruby-2.0.0-p353/specifications/rspec-2.14.1.gemspec
I, [2014-02-11T13:00:20.197296 #48912]  INFO -- : 0:  tilt (1.4.1) from /Users/nabin/.rvm/gems/ruby-2.0.0-p353/specifications/tilt-1.4.1.gemspec
I, [2014-02-11T13:00:20.197832 #48912]  INFO -- : 0:  sinatra (1.4.4) from /Users/nabin/.rvm/gems/ruby-2.0.0-p353/specifications/sinatra-1.4.4.gemspec
I, [2014-02-11T13:00:20.198360 #48912]  INFO -- : 0:  bundler (1.5.1) from /Users/nabin/.rvm/gems/ruby-2.0.0-p353@global/specifications/bundler-1.5.1.gemspec
I, [2014-02-11T13:22:59.474804 #49034]  INFO -- : 0:  addressable (2.3.5) from /Users/nabin/.rvm/gems/ruby-2.0.0-p353/specifications/addressable-2.3.5.gemspec
I, [2014-02-11T13:22:59.477530 #49034]  INFO -- : 0:  bcrypt-ruby (3.1.2) from /Users/nabin/.rvm/gems/ruby-2.0.0-p353/specifications/bcrypt-ruby-3.1.2.gemspec
I, [2014-02-11T13:22:59.478078 #49034]  INFO -- : 0:  builder (3.2.2) from /Users/nabin/.rvm/gems/ruby-2.0.0-p353/specifications/builder-3.2.2.gemspec
I, [2014-02-11T13:22:59.478589 #49034]  INFO -- : 0:  mime-types (2.1) from /Users/nabin/.rvm/gems/ruby-2.0.0-p353/specifications/mime-types-2.1.gemspec
I, [2014-02-11T13:22:59.479097 #49034]  INFO -- : 0:  mini_portile (0.5.2) from /Users/nabin/.rvm/gems/ruby-2.0.0-p353/specifications/mini_portile-0.5.2.gemspec
I, [2014-02-11T13:22:59.479601 #49034]  INFO -- : 0:  nokogiri (1.6.1) from /Users/nabin/.rvm/gems/ruby-2.0.0-p353/specifications/nokogiri-1.6.1.gemspec
I, [2014-02-11T13:22:59.480106 #49034]  INFO -- : 0:  rack (1.5.2) from /Users/nabin/.rvm/gems/ruby-2.0.0-p353/specifications/rack-1.5.2.gemspec
I, [2014-02-11T13:22:59.480838 #49034]  INFO -- : 0:  rack-test (0.6.2) from /Users/nabin/.rvm/gems/ruby-2.0.0-p353/specifications/rack-test-0.6.2.gemspec
I, [2014-02-11T13:22:59.481345 #49034]  INFO -- : 0:  xpath (2.0.0) from /Users/nabin/.rvm/gems/ruby-2.0.0-p353/specifications/xpath-2.0.0.gemspec
I, [2014-02-11T13:22:59.481848 #49034]  INFO -- : 0:  capybara (2.2.1) from /Users/nabin/.rvm/gems/ruby-2.0.0-p353/specifications/capybara-2.2.1.gemspec
I, [2014-02-11T13:22:59.482349 #49034]  INFO -- : 0:  diff-lcs (1.2.5) from /Users/nabin/.rvm/gems/ruby-2.0.0-p353/specifications/diff-lcs-1.2.5.gemspec
I, [2014-02-11T13:22:59.482851 #49034]  INFO -- : 0:  multi_json (1.8.4) from /Users/nabin/.rvm/gems/ruby-2.0.0-p353/specifications/multi_json-1.8.4.gemspec
I, [2014-02-11T13:22:59.483353 #49034]  INFO -- : 0:  gherkin (2.12.2) from /Users/nabin/.rvm/gems/ruby-2.0.0-p353/specifications/gherkin-2.12.2.gemspec
I, [2014-02-11T13:22:59.483850 #49034]  INFO -- : 0:  multi_test (0.0.3) from /Users/nabin/.rvm/gems/ruby-2.0.0-p353/specifications/multi_test-0.0.3.gemspec
I, [2014-02-11T13:22:59.484352 #49034]  INFO -- : 0:  cucumber (1.3.10) from /Users/nabin/.rvm/gems/ruby-2.0.0-p353/specifications/cucumber-1.3.10.gemspec
I, [2014-02-11T13:22:59.484847 #49034]  INFO -- : 0:  dm-core (1.2.1) from /Users/nabin/.rvm/gems/ruby-2.0.0-p353/specifications/dm-core-1.2.1.gemspec
I, [2014-02-11T13:22:59.485340 #49034]  INFO -- : 0:  dm-aggregates (1.2.0) from /Users/nabin/.rvm/gems/ruby-2.0.0-p353/specifications/dm-aggregates-1.2.0.gemspec
I, [2014-02-11T13:22:59.485862 #49034]  INFO -- : 0:  dm-constraints (1.2.0) from /Users/nabin/.rvm/gems/ruby-2.0.0-p353/specifications/dm-constraints-1.2.0.gemspec
I, [2014-02-11T13:22:59.486364 #49034]  INFO -- : 0:  dm-migrations (1.2.0) from /Users/nabin/.rvm/gems/ruby-2.0.0-p353/specifications/dm-migrations-1.2.0.gemspec
I, [2014-02-11T13:22:59.486867 #49034]  INFO -- : 0:  fastercsv (1.5.5) from /Users/nabin/.rvm/gems/ruby-2.0.0-p353/specifications/fastercsv-1.5.5.gemspec
I, [2014-02-11T13:22:59.487384 #49034]  INFO -- : 0:  json (1.8.1) from /Users/nabin/.rvm/gems/ruby-2.0.0-p353/specifications/json-1.8.1.gemspec
I, [2014-02-11T13:22:59.487901 #49034]  INFO -- : 0:  json_pure (1.8.1) from /Users/nabin/.rvm/gems/ruby-2.0.0-p353/specifications/json_pure-1.8.1.gemspec
I, [2014-02-11T13:22:59.488416 #49034]  INFO -- : 0:  dm-serializer (1.2.2) from /Users/nabin/.rvm/gems/ruby-2.0.0-p353/specifications/dm-serializer-1.2.2.gemspec
I, [2014-02-11T13:22:59.488932 #49034]  INFO -- : 0:  dm-timestamps (1.2.0) from /Users/nabin/.rvm/gems/ruby-2.0.0-p353/specifications/dm-timestamps-1.2.0.gemspec
I, [2014-02-11T13:22:59.495041 #49034]  INFO -- : 0:  dm-transactions (1.2.0) from /Users/nabin/.rvm/gems/ruby-2.0.0-p353/specifications/dm-transactions-1.2.0.gemspec
I, [2014-02-11T13:22:59.495450 #49034]  INFO -- : 0:  stringex (1.5.1) from /Users/nabin/.rvm/gems/ruby-2.0.0-p353/specifications/stringex-1.5.1.gemspec
I, [2014-02-11T13:22:59.495866 #49034]  INFO -- : 0:  uuidtools (2.1.4) from /Users/nabin/.rvm/gems/ruby-2.0.0-p353/specifications/uuidtools-2.1.4.gemspec
I, [2014-02-11T13:22:59.496276 #49034]  INFO -- : 0:  dm-types (1.2.2) from /Users/nabin/.rvm/gems/ruby-2.0.0-p353/specifications/dm-types-1.2.2.gemspec
I, [2014-02-11T13:22:59.496684 #49034]  INFO -- : 0:  dm-validations (1.2.0) from /Users/nabin/.rvm/gems/ruby-2.0.0-p353/specifications/dm-validations-1.2.0.gemspec
I, [2014-02-11T13:22:59.497125 #49034]  INFO -- : 0:  data_mapper (1.2.0) from /Users/nabin/.rvm/gems/ruby-2.0.0-p353/specifications/data_mapper-1.2.0.gemspec
I, [2014-02-11T13:22:59.497514 #49034]  INFO -- : 0:  data_objects (0.10.13) from /Users/nabin/.rvm/gems/ruby-2.0.0-p353/specifications/data_objects-0.10.13.gemspec
I, [2014-02-11T13:22:59.497914 #49034]  INFO -- : 0:  database_cleaner (1.2.0) from /Users/nabin/.rvm/gems/ruby-2.0.0-p353/specifications/database_cleaner-1.2.0.gemspec
I, [2014-02-11T13:22:59.498322 #49034]  INFO -- : 0:  dm-do-adapter (1.2.0) from /Users/nabin/.rvm/gems/ruby-2.0.0-p353/specifications/dm-do-adapter-1.2.0.gemspec
I, [2014-02-11T13:22:59.498732 #49034]  INFO -- : 0:  do_postgres (0.10.13) from /Users/nabin/.rvm/gems/ruby-2.0.0-p353/specifications/do_postgres-0.10.13.gemspec
I, [2014-02-11T13:22:59.499141 #49034]  INFO -- : 0:  dm-postgres-adapter (1.2.0) from /Users/nabin/.rvm/gems/ruby-2.0.0-p353/specifications/dm-postgres-adapter-1.2.0.gemspec
I, [2014-02-11T13:22:59.499547 #49034]  INFO -- : 0:  rack-protection (1.5.2) from /Users/nabin/.rvm/gems/ruby-2.0.0-p353/specifications/rack-protection-1.5.2.gemspec
I, [2014-02-11T13:22:59.499938 #49034]  INFO -- : 0:  rspec-core (2.14.7) from /Users/nabin/.rvm/gems/ruby-2.0.0-p353/specifications/rspec-core-2.14.7.gemspec
I, [2014-02-11T13:22:59.500360 #49034]  INFO -- : 0:  rspec-expectations (2.14.5) from /Users/nabin/.rvm/gems/ruby-2.0.0-p353/specifications/rspec-expectations-2.14.5.gemspec
I, [2014-02-11T13:22:59.500775 #49034]  INFO -- : 0:  rspec-mocks (2.14.5) from /Users/nabin/.rvm/gems/ruby-2.0.0-p353/specifications/rspec-mocks-2.14.5.gemspec
I, [2014-02-11T13:22:59.501179 #49034]  INFO -- : 0:  rspec (2.14.1) from /Users/nabin/.rvm/gems/ruby-2.0.0-p353/specifications/rspec-2.14.1.gemspec
I, [2014-02-11T13:22:59.501585 #49034]  INFO -- : 0:  tilt (1.4.1) from /Users/nabin/.rvm/gems/ruby-2.0.0-p353/specifications/tilt-1.4.1.gemspec
I, [2014-02-11T13:22:59.501990 #49034]  INFO -- : 0:  sinatra (1.4.4) from /Users/nabin/.rvm/gems/ruby-2.0.0-p353/specifications/sinatra-1.4.4.gemspec
I, [2014-02-11T13:22:59.502356 #49034]  INFO -- : 0:  bundler (1.5.1) from /Users/nabin/.rvm/gems/ruby-2.0.0-p353@global/specifications/bundler-1.5.1.gemspec
I, [2014-02-11T15:18:39.342557 #49659]  INFO -- : 0:  addressable (2.3.5) from /Users/nabin/.rvm/gems/ruby-2.0.0-p353/specifications/addressable-2.3.5.gemspec
I, [2014-02-11T15:18:39.344106 #49659]  INFO -- : 0:  bcrypt-ruby (3.1.2) from /Users/nabin/.rvm/gems/ruby-2.0.0-p353/specifications/bcrypt-ruby-3.1.2.gemspec
I, [2014-02-11T15:18:39.344626 #49659]  INFO -- : 0:  mime-types (2.1) from /Users/nabin/.rvm/gems/ruby-2.0.0-p353/specifications/mime-types-2.1.gemspec
I, [2014-02-11T15:18:39.345078 #49659]  INFO -- : 0:  mini_portile (0.5.2) from /Users/nabin/.rvm/gems/ruby-2.0.0-p353/specifications/mini_portile-0.5.2.gemspec
I, [2014-02-11T15:18:39.345527 #49659]  INFO -- : 0:  nokogiri (1.6.1) from /Users/nabin/.rvm/gems/ruby-2.0.0-p353/specifications/nokogiri-1.6.1.gemspec
I, [2014-02-11T15:18:39.345957 #49659]  INFO -- : 0:  rack (1.5.2) from /Users/nabin/.rvm/gems/ruby-2.0.0-p353/specifications/rack-1.5.2.gemspec
I, [2014-02-11T15:18:39.346396 #49659]  INFO -- : 0:  rack-test (0.6.2) from /Users/nabin/.rvm/gems/ruby-2.0.0-p353/specifications/rack-test-0.6.2.gemspec
I, [2014-02-11T15:18:39.354744 #49659]  INFO -- : 0:  xpath (2.0.0) from /Users/nabin/.rvm/gems/ruby-2.0.0-p353/specifications/xpath-2.0.0.gemspec
I, [2014-02-11T15:18:39.355455 #49659]  INFO -- : 0:  capybara (2.2.1) from /Users/nabin/.rvm/gems/ruby-2.0.0-p353/specifications/capybara-2.2.1.gemspec
I, [2014-02-11T15:18:39.355960 #49659]  INFO -- : 0:  dm-core (1.2.1) from /Users/nabin/.rvm/gems/ruby-2.0.0-p353/specifications/dm-core-1.2.1.gemspec
I, [2014-02-11T15:18:39.356657 #49659]  INFO -- : 0:  dm-aggregates (1.2.0) from /Users/nabin/.rvm/gems/ruby-2.0.0-p353/specifications/dm-aggregates-1.2.0.gemspec
I, [2014-02-11T15:18:39.357289 #49659]  INFO -- : 0:  dm-constraints (1.2.0) from /Users/nabin/.rvm/gems/ruby-2.0.0-p353/specifications/dm-constraints-1.2.0.gemspec
I, [2014-02-11T15:18:39.357899 #49659]  INFO -- : 0:  dm-migrations (1.2.0) from /Users/nabin/.rvm/gems/ruby-2.0.0-p353/specifications/dm-migrations-1.2.0.gemspec
I, [2014-02-11T15:18:39.358480 #49659]  INFO -- : 0:  fastercsv (1.5.5) from /Users/nabin/.rvm/gems/ruby-2.0.0-p353/specifications/fastercsv-1.5.5.gemspec
I, [2014-02-11T15:18:39.359021 #49659]  INFO -- : 0:  json (1.8.1) from /Users/nabin/.rvm/gems/ruby-2.0.0-p353/specifications/json-1.8.1.gemspec
I, [2014-02-11T15:18:39.359454 #49659]  INFO -- : 0:  json_pure (1.8.1) from /Users/nabin/.rvm/gems/ruby-2.0.0-p353/specifications/json_pure-1.8.1.gemspec
I, [2014-02-11T15:18:39.359888 #49659]  INFO -- : 0:  multi_json (1.8.4) from /Users/nabin/.rvm/gems/ruby-2.0.0-p353/specifications/multi_json-1.8.4.gemspec
I, [2014-02-11T15:18:39.360303 #49659]  INFO -- : 0:  dm-serializer (1.2.2) from /Users/nabin/.rvm/gems/ruby-2.0.0-p353/specifications/dm-serializer-1.2.2.gemspec
I, [2014-02-11T15:18:39.360751 #49659]  INFO -- : 0:  dm-timestamps (1.2.0) from /Users/nabin/.rvm/gems/ruby-2.0.0-p353/specifications/dm-timestamps-1.2.0.gemspec
I, [2014-02-11T15:18:39.361198 #49659]  INFO -- : 0:  dm-transactions (1.2.0) from /Users/nabin/.rvm/gems/ruby-2.0.0-p353/specifications/dm-transactions-1.2.0.gemspec
I, [2014-02-11T15:18:39.361616 #49659]  INFO -- : 0:  stringex (1.5.1) from /Users/nabin/.rvm/gems/ruby-2.0.0-p353/specifications/stringex-1.5.1.gemspec
I, [2014-02-11T15:18:39.362028 #49659]  INFO -- : 0:  uuidtools (2.1.4) from /Users/nabin/.rvm/gems/ruby-2.0.0-p353/specifications/uuidtools-2.1.4.gemspec
I, [2014-02-11T15:18:39.362499 #49659]  INFO -- : 0:  dm-types (1.2.2) from /Users/nabin/.rvm/gems/ruby-2.0.0-p353/specifications/dm-types-1.2.2.gemspec
I, [2014-02-11T15:18:39.362912 #49659]  INFO -- : 0:  dm-validations (1.2.0) from /Users/nabin/.rvm/gems/ruby-2.0.0-p353/specifications/dm-validations-1.2.0.gemspec
I, [2014-02-11T15:18:39.364871 #49659]  INFO -- : 0:  data_mapper (1.2.0) from /Users/nabin/.rvm/gems/ruby-2.0.0-p353/specifications/data_mapper-1.2.0.gemspec
I, [2014-02-11T15:18:39.365412 #49659]  INFO -- : 0:  data_objects (0.10.13) from /Users/nabin/.rvm/gems/ruby-2.0.0-p353/specifications/data_objects-0.10.13.gemspec
I, [2014-02-11T15:18:39.365870 #49659]  INFO -- : 0:  database_cleaner (1.2.0) from /Users/nabin/.rvm/gems/ruby-2.0.0-p353/specifications/database_cleaner-1.2.0.gemspec
I, [2014-02-11T15:18:39.370588 #49659]  INFO -- : 0:  diff-lcs (1.2.5) from /Users/nabin/.rvm/gems/ruby-2.0.0-p353/specifications/diff-lcs-1.2.5.gemspec
I, [2014-02-11T15:18:39.371195 #49659]  INFO -- : 0:  dm-do-adapter (1.2.0) from /Users/nabin/.rvm/gems/ruby-2.0.0-p353/specifications/dm-do-adapter-1.2.0.gemspec
I, [2014-02-11T15:18:39.371665 #49659]  INFO -- : 0:  do_postgres (0.10.13) from /Users/nabin/.rvm/gems/ruby-2.0.0-p353/specifications/do_postgres-0.10.13.gemspec
I, [2014-02-11T15:18:39.372109 #49659]  INFO -- : 0:  dm-postgres-adapter (1.2.0) from /Users/nabin/.rvm/gems/ruby-2.0.0-p353/specifications/dm-postgres-adapter-1.2.0.gemspec
I, [2014-02-11T15:18:42.496068 #49659]  INFO -- : 0:  dm-tags (1.2.0) from /Users/nabin/.rvm/gems/ruby-2.0.0-p353/specifications/dm-tags-1.2.0.gemspec
I, [2014-02-11T15:18:42.496841 #49659]  INFO -- : 0:  rack-protection (1.5.2) from /Users/nabin/.rvm/gems/ruby-2.0.0-p353/specifications/rack-protection-1.5.2.gemspec
I, [2014-02-11T15:18:42.497352 #49659]  INFO -- : 0:  rspec-core (2.14.7) from /Users/nabin/.rvm/gems/ruby-2.0.0-p353/specifications/rspec-core-2.14.7.gemspec
I, [2014-02-11T15:18:42.497843 #49659]  INFO -- : 0:  rspec-expectations (2.14.5) from /Users/nabin/.rvm/gems/ruby-2.0.0-p353/specifications/rspec-expectations-2.14.5.gemspec
I, [2014-02-11T15:18:42.498277 #49659]  INFO -- : 0:  rspec-mocks (2.14.5) from /Users/nabin/.rvm/gems/ruby-2.0.0-p353/specifications/rspec-mocks-2.14.5.gemspec
I, [2014-02-11T15:18:42.498690 #49659]  INFO -- : 0:  rspec (2.14.1) from /Users/nabin/.rvm/gems/ruby-2.0.0-p353/specifications/rspec-2.14.1.gemspec
I, [2014-02-11T15:18:42.499100 #49659]  INFO -- : 0:  tilt (1.4.1) from /Users/nabin/.rvm/gems/ruby-2.0.0-p353/specifications/tilt-1.4.1.gemspec
I, [2014-02-11T15:18:42.499505 #49659]  INFO -- : 0:  sinatra (1.4.4) from /Users/nabin/.rvm/gems/ruby-2.0.0-p353/specifications/sinatra-1.4.4.gemspec
I, [2014-02-11T15:18:42.499892 #49659]  INFO -- : 0:  bundler (1.5.1) from /Users/nabin/.rvm/gems/ruby-2.0.0-p353@global/specifications/bundler-1.5.1.gemspec
I, [2014-02-12T11:49:20.502834 #52950]  INFO -- : 0:  addressable (2.3.5) from /Users/nabin/.rvm/gems/ruby-2.0.0-p353/specifications/addressable-2.3.5.gemspec
I, [2014-02-12T11:49:20.505484 #52950]  INFO -- : 0:  bcrypt-ruby (3.1.2) from /Users/nabin/.rvm/gems/ruby-2.0.0-p353/specifications/bcrypt-ruby-3.1.2.gemspec
I, [2014-02-12T11:49:20.506084 #52950]  INFO -- : 0:  mime-types (2.1) from /Users/nabin/.rvm/gems/ruby-2.0.0-p353/specifications/mime-types-2.1.gemspec
I, [2014-02-12T11:49:20.506495 #52950]  INFO -- : 0:  mini_portile (0.5.2) from /Users/nabin/.rvm/gems/ruby-2.0.0-p353/specifications/mini_portile-0.5.2.gemspec
I, [2014-02-12T11:49:20.506888 #52950]  INFO -- : 0:  nokogiri (1.6.1) from /Users/nabin/.rvm/gems/ruby-2.0.0-p353/specifications/nokogiri-1.6.1.gemspec
I, [2014-02-12T11:49:20.507297 #52950]  INFO -- : 0:  rack (1.5.2) from /Users/nabin/.rvm/gems/ruby-2.0.0-p353/specifications/rack-1.5.2.gemspec
I, [2014-02-12T11:49:20.507724 #52950]  INFO -- : 0:  rack-test (0.6.2) from /Users/nabin/.rvm/gems/ruby-2.0.0-p353/specifications/rack-test-0.6.2.gemspec
I, [2014-02-12T11:49:20.508153 #52950]  INFO -- : 0:  xpath (2.0.0) from /Users/nabin/.rvm/gems/ruby-2.0.0-p353/specifications/xpath-2.0.0.gemspec
I, [2014-02-12T11:49:20.508557 #52950]  INFO -- : 0:  capybara (2.2.1) from /Users/nabin/.rvm/gems/ruby-2.0.0-p353/specifications/capybara-2.2.1.gemspec
I, [2014-02-12T11:49:20.508954 #52950]  INFO -- : 0:  dm-core (1.2.1) from /Users/nabin/.rvm/gems/ruby-2.0.0-p353/specifications/dm-core-1.2.1.gemspec
I, [2014-02-12T11:49:20.509350 #52950]  INFO -- : 0:  dm-aggregates (1.2.0) from /Users/nabin/.rvm/gems/ruby-2.0.0-p353/specifications/dm-aggregates-1.2.0.gemspec
I, [2014-02-12T11:49:20.509754 #52950]  INFO -- : 0:  dm-constraints (1.2.0) from /Users/nabin/.rvm/gems/ruby-2.0.0-p353/specifications/dm-constraints-1.2.0.gemspec
I, [2014-02-12T11:49:20.510180 #52950]  INFO -- : 0:  dm-migrations (1.2.0) from /Users/nabin/.rvm/gems/ruby-2.0.0-p353/specifications/dm-migrations-1.2.0.gemspec
I, [2014-02-12T11:49:20.510583 #52950]  INFO -- : 0:  fastercsv (1.5.5) from /Users/nabin/.rvm/gems/ruby-2.0.0-p353/specifications/fastercsv-1.5.5.gemspec
I, [2014-02-12T11:49:20.510998 #52950]  INFO -- : 0:  json (1.8.1) from /Users/nabin/.rvm/gems/ruby-2.0.0-p353/specifications/json-1.8.1.gemspec
I, [2014-02-12T11:49:20.511392 #52950]  INFO -- : 0:  json_pure (1.8.1) from /Users/nabin/.rvm/gems/ruby-2.0.0-p353/specifications/json_pure-1.8.1.gemspec
I, [2014-02-12T11:49:20.511795 #52950]  INFO -- : 0:  multi_json (1.8.4) from /Users/nabin/.rvm/gems/ruby-2.0.0-p353/specifications/multi_json-1.8.4.gemspec
I, [2014-02-12T11:49:20.512190 #52950]  INFO -- : 0:  dm-serializer (1.2.2) from /Users/nabin/.rvm/gems/ruby-2.0.0-p353/specifications/dm-serializer-1.2.2.gemspec
I, [2014-02-12T11:49:20.512583 #52950]  INFO -- : 0:  dm-timestamps (1.2.0) from /Users/nabin/.rvm/gems/ruby-2.0.0-p353/specifications/dm-timestamps-1.2.0.gemspec
I, [2014-02-12T11:49:20.512976 #52950]  INFO -- : 0:  dm-transactions (1.2.0) from /Users/nabin/.rvm/gems/ruby-2.0.0-p353/specifications/dm-transactions-1.2.0.gemspec
I, [2014-02-12T11:49:20.513362 #52950]  INFO -- : 0:  stringex (1.5.1) from /Users/nabin/.rvm/gems/ruby-2.0.0-p353/specifications/stringex-1.5.1.gemspec
I, [2014-02-12T11:49:20.513774 #52950]  INFO -- : 0:  uuidtools (2.1.4) from /Users/nabin/.rvm/gems/ruby-2.0.0-p353/specifications/uuidtools-2.1.4.gemspec
I, [2014-02-12T11:49:20.514175 #52950]  INFO -- : 0:  dm-types (1.2.2) from /Users/nabin/.rvm/gems/ruby-2.0.0-p353/specifications/dm-types-1.2.2.gemspec
I, [2014-02-12T11:49:20.514577 #52950]  INFO -- : 0:  dm-validations (1.2.0) from /Users/nabin/.rvm/gems/ruby-2.0.0-p353/specifications/dm-validations-1.2.0.gemspec
I, [2014-02-12T11:49:20.516530 #52950]  INFO -- : 0:  data_mapper (1.2.0) from /Users/nabin/.rvm/gems/ruby-2.0.0-p353/specifications/data_mapper-1.2.0.gemspec
I, [2014-02-12T11:49:20.517081 #52950]  INFO -- : 0:  data_objects (0.10.13) from /Users/nabin/.rvm/gems/ruby-2.0.0-p353/specifications/data_objects-0.10.13.gemspec
I, [2014-02-12T11:49:20.519055 #52950]  INFO -- : 0:  database_cleaner (1.2.0) from /Users/nabin/.rvm/gems/ruby-2.0.0-p353/specifications/database_cleaner-1.2.0.gemspec
I, [2014-02-12T11:49:20.522503 #52950]  INFO -- : 0:  diff-lcs (1.2.5) from /Users/nabin/.rvm/gems/ruby-2.0.0-p353/specifications/diff-lcs-1.2.5.gemspec
I, [2014-02-12T11:49:20.522969 #52950]  INFO -- : 0:  dm-do-adapter (1.2.0) from /Users/nabin/.rvm/gems/ruby-2.0.0-p353/specifications/dm-do-adapter-1.2.0.gemspec
I, [2014-02-12T11:49:20.523392 #52950]  INFO -- : 0:  do_postgres (0.10.13) from /Users/nabin/.rvm/gems/ruby-2.0.0-p353/specifications/do_postgres-0.10.13.gemspec
I, [2014-02-12T11:49:20.523798 #52950]  INFO -- : 0:  dm-postgres-adapter (1.2.0) from /Users/nabin/.rvm/gems/ruby-2.0.0-p353/specifications/dm-postgres-adapter-1.2.0.gemspec
I, [2014-02-12T11:49:20.524205 #52950]  INFO -- : 0:  rack-protection (1.5.2) from /Users/nabin/.rvm/gems/ruby-2.0.0-p353/specifications/rack-protection-1.5.2.gemspec
I, [2014-02-12T11:49:20.524605 #52950]  INFO -- : 0:  rspec-core (2.14.7) from /Users/nabin/.rvm/gems/ruby-2.0.0-p353/specifications/rspec-core-2.14.7.gemspec
I, [2014-02-12T11:49:20.525054 #52950]  INFO -- : 0:  rspec-expectations (2.14.5) from /Users/nabin/.rvm/gems/ruby-2.0.0-p353/specifications/rspec-expectations-2.14.5.gemspec
I, [2014-02-12T11:49:20.525462 #52950]  INFO -- : 0:  rspec-mocks (2.14.5) from /Users/nabin/.rvm/gems/ruby-2.0.0-p353/specifications/rspec-mocks-2.14.5.gemspec
I, [2014-02-12T11:49:20.525865 #52950]  INFO -- : 0:  rspec (2.14.1) from /Users/nabin/.rvm/gems/ruby-2.0.0-p353/specifications/rspec-2.14.1.gemspec
I, [2014-02-12T11:49:20.526276 #52950]  INFO -- : 0:  tilt (1.4.1) from /Users/nabin/.rvm/gems/ruby-2.0.0-p353/specifications/tilt-1.4.1.gemspec
I, [2014-02-12T11:49:20.526794 #52950]  INFO -- : 0:  sinatra (1.4.4) from /Users/nabin/.rvm/gems/ruby-2.0.0-p353/specifications/sinatra-1.4.4.gemspec
I, [2014-02-12T11:49:20.527244 #52950]  INFO -- : 0:  bundler (1.5.1) from /Users/nabin/.rvm/gems/ruby-2.0.0-p353@global/specifications/bundler-1.5.1.gemspec
